0 info it worked if it ends with ok
1 verbose cli [ 'C:\\Program Files\\nodejs\\node.exe',
1 verbose cli   'C:\\Program Files\\nodejs\\node_modules\\npm\\bin\\npm-cli.js',
1 verbose cli   'run',
1 verbose cli   'dev' ]
2 info using npm@3.10.10
3 info using node@v6.11.0
4 verbose run-script [ 'predev', 'dev', 'postdev' ]
5 info lifecycle sa@0.0.0~predev: sa@0.0.0
6 silly lifecycle sa@0.0.0~predev: no script for predev, continuing
7 info lifecycle sa@0.0.0~dev: sa@0.0.0
8 verbose lifecycle sa@0.0.0~dev: unsafe-perm in lifecycle true
9 verbose lifecycle sa@0.0.0~dev: PATH: C:\Program Files\nodejs\node_modules\npm\bin\node-gyp-bin;C:\Users\Brian\Documents\Projects\szechwanAbsolute\sa\node_modules\.bin;C:\Users\Brian\Downloads\cmder\bin;C:\Users\Brian\Downloads\cmder\vendor\conemu-maximus5\ConEmu\Scripts;C:\Users\Brian\Downloads\cmder\vendor\conemu-maximus5;C:\Users\Brian\Downloads\cmder\vendor\conemu-maximus5\ConEmu;C:\Program Files (x86)\Intel\iCLS Client\;C:\Program Files\Intel\iCLS Client\;C:\Windows\system32;C:\Windows;C:\Windows\System32\Wbem;C:\Windows\System32\WindowsPowerShell\v1.0\;C:\Program Files (x86)\Intel\Intel(R) Management Engine Components\DAL;C:\Program Files\Intel\Intel(R) Management Engine Components\DAL;C:\Program Files (x86)\Intel\Intel(R) Management Engine Components\IPT;C:\Program Files\Intel\Intel(R) Management Engine Components\IPT;C:\Program Files (x86)\NVIDIA Corporation\PhysX\Common;C:\Program Files\Intel\WiFi\bin\;C:\Program Files\Common Files\Intel\WirelessCommon\;C:\WINDOWS\system32;C:\WINDOWS;C:\WINDOWS\System32\Wbem;C:\WINDOWS\System32\WindowsPowerShell\v1.0\;C:\Program Files\nodejs\;C:\Users\Brian\Documents\Projects\practicenodejs\node_modules\mongodb;C:\Program Files\Git\cmd;C:\Program Files (x86)\OpenSSH\bin;C:\Program Files\MongoDB\Server\3.4\bin\;C:\Users\Brian\AppData\Local\Microsoft\WindowsApps;C:\Users\Brian\AppData\Roaming\Dashlane\4.6.6.23032\bin\Firefox_Extension\{442718d9-475e-452a-b3e1-fb1ee16b8e9f}\components;C:\Users\Brian\AppData\Roaming\Dashlane\4.7.2.29375\bin\Firefox_Extension\{442718d9-475e-452a-b3e1-fb1ee16b8e9f}\components;C:\Users\Brian\AppData\Roaming\Dashlane\4.7.2.29375\ucrt;C:\Users\Brian\AppData\Roaming\npm;C:\Program Files\Git;C:\Program Files\Git\usr\bin;C:\Program Files\Git\usr\share\vim\vim74;C:\Users\Brian\Downloads\cmder\
10 verbose lifecycle sa@0.0.0~dev: CWD: C:\Users\Brian\Documents\Projects\szechwanAbsolute\sa
11 silly lifecycle sa@0.0.0~dev: Args: [ '/d /s /c', 'nodemon ./bin/www' ]
12 silly lifecycle sa@0.0.0~dev: Returned: code: 3221225786  signal: null
13 info lifecycle sa@0.0.0~dev: Failed to exec dev script
14 verbose stack Error: sa@0.0.0 dev: `nodemon ./bin/www`
14 verbose stack Exit status 3221225786
14 verbose stack     at EventEmitter.<anonymous> (C:\Program Files\nodejs\node_modules\npm\lib\utils\lifecycle.js:255:16)
14 verbose stack     at emitTwo (events.js:106:13)
14 verbose stack     at EventEmitter.emit (events.js:191:7)
14 verbose stack     at ChildProcess.<anonymous> (C:\Program Files\nodejs\node_modules\npm\lib\utils\spawn.js:40:14)
14 verbose stack     at emitTwo (events.js:106:13)
14 verbose stack     at ChildProcess.emit (events.js:191:7)
14 verbose stack     at maybeClose (internal/child_process.js:891:16)
14 verbose stack     at Process.ChildProcess._handle.onexit (internal/child_process.js:226:5)
15 verbose pkgid sa@0.0.0
16 verbose cwd C:\Users\Brian\Documents\Projects\szechwanAbsolute\sa
17 error Windows_NT 10.0.14393
18 error argv "C:\\Program Files\\nodejs\\node.exe" "C:\\Program Files\\nodejs\\node_modules\\npm\\bin\\npm-cli.js" "run" "dev"
19 error node v6.11.0
20 error npm  v3.10.10
21 error code ELIFECYCLE
22 error sa@0.0.0 dev: `nodemon ./bin/www`
22 error Exit status 3221225786
23 error Failed at the sa@0.0.0 dev script 'nodemon ./bin/www'.
23 error Make sure you have the latest version of node.js and npm installed.
23 error If you do, this is most likely a problem with the sa package,
23 error not with npm itself.
23 error Tell the author that this fails on your system:
23 error     nodemon ./bin/www
23 error You can get information on how to open an issue for this project with:
23 error     npm bugs sa
23 error Or if that isn't available, you can get their info via:
23 error     npm owner ls sa
23 error There is likely additional logging output above.
24 verbose exit [ 1, true ]
